<?xml version="1.0" encoding="UTF-8"?>
<testsuite name="StorageTest" tests="7" skipped="0" failures="0" errors="0" timestamp="2023-03-10T19:57:44" hostname="Dashbahs-MacBook-Air.local" time="0.025">
  <properties/>
  <testcase name="findAllBooksByCaption()" classname="StorageTest" time="0.012"/>
  <testcase name="addToStorageRandomBooks()" classname="StorageTest" time="0.005"/>
  <testcase name="findAllBooksFromTakenByCaption()" classname="StorageTest" time="0.001"/>
  <testcase name="getBookFromStorage()" classname="StorageTest" time="0.002"/>
  <testcase name="getTakenBooks()" classname="StorageTest" time="0.0"/>
  <testcase name="getAllBooks()" classname="StorageTest" time="0.001"/>
  <testcase name="putBookToStorage()" classname="StorageTest" time="0.001"/>
  <system-out><![CDATA[]]></system-out>
  <system-err><![CDATA[]]></system-err>
</testsuite>
